<?xml version="1.0" encoding="UTF-8"?>
<testsuite xmlns:xsi="http://www.w3.org/2001/XMLSchema-instance" xsi:noNamespaceSchemaLocation="https://maven.apache.org/surefire/maven-surefire-plugin/xsd/surefire-test-report-3.0.xsd" version="3.0" name="runners.TestRunner" time="24.578" tests="1" errors="0" skipped="0" failures="0">
  <properties>
[...]
</properties>
  <testcase name="runScenario[&quot;&quot;, &quot;Optional.empty&quot;](1)" classname="runners.TestRunner" time="20.064">
    <system-out><![CDATA[
@addProduct
Scenario:                                                                         &amp#27;[90m# src/test/resources/features/AddProductToCart.feature:9&amp#27;[0m
https://ztrain-web.vercel.app/auth/login successfully loaded
  &amp#27;[32mGiven &amp#27;[0m&amp#27;[32mUser is on the login page&amp#27;[0m                                                 &amp#27;[90m# steps.LoginSteps.userIsOnTheLoginPage()&amp#27;[0m
  &amp#27;[32mWhen &amp#27;[0m&amp#27;[32mUser enters his credentials &amp#27;[0m&amp#27;[32m&amp#27;[1m"sehajpreet2.nicholi@orperfect.com"&amp#27;[0m&amp#27;[32m &amp#27;[0m&amp#27;[32m&amp#27;[1m"hqqps2J$"&amp#27;[0m &amp#27;[90m# steps.LoginSteps.userEntersHisCredentials(java.lang.String,java.lang.String)&amp#27;[0m
  &amp#27;[32mThen &amp#27;[0m&amp#27;[32mHomepage is opened&amp#27;[0m                                                         &amp#27;[90m# steps.HomeSteps.homePageIsOpened()&amp#27;[0m
  &amp#27;[32mGiven &amp#27;[0m&amp#27;[32muser at the HomePage&amp#27;[0m                                                      &amp#27;[90m# steps.AddProductToCartSteps.userAtHomePage()&amp#27;[0m
  &amp#27;[32mWhen &amp#27;[0m&amp#27;[32mselect a product to cart&amp#27;[0m                                                   &amp#27;[90m# steps.AddProductToCartSteps.add_a_product_to_cart()&amp#27;[0m
  &amp#27;[32mAnd &amp#27;[0m&amp#27;[32madd to cart&amp#27;[0m                                                                 &amp#27;[90m# steps.AddProductToCartSteps.add_to_cart()&amp#27;[0m
  &amp#27;[32mThen &amp#27;[0m&amp#27;[32mthe cart is update&amp#27;[0m                                                         &amp#27;[90m# steps.AddProductToCartSteps.theCartIsUpdate()&amp#27;[0m
]]></system-out>
    <system-err><![CDATA[SLF4J: Failed to load class "org.slf4j.impl.StaticLoggerBinder".
SLF4J: Defaulting to no-operation (NOP) logger implementation
SLF4J: See http://www.slf4j.org/codes.html#StaticLoggerBinder for further details.
Starting ChromeDriver 101.0.4951.41 (93c720db8323b3ec10d056025ab95c23a31997c9-refs/branch-heads/4951@{#904}) on port 56259
Only local connections are allowed.
Please see https://chromedriver.chromium.org/security-considerations for suggestions on keeping ChromeDriver safe.
ChromeDriver was started successfully.
May 18, 2022 5:58:45 PM org.openqa.selenium.remote.ProtocolHandshake createSession
INFO: Detected dialect: W3C
May 18, 2022 5:58:45 PM org.openqa.selenium.devtools.CdpVersionFinder findNearestMatch
INFO: Found exact CDP implementation for version 101
]]></system-err>
  </testcase>
</testsuite>