[{"line":2,"elements":[{"line":4,"name":"","description":"","type":"background","keyword":"Background","steps":[{"result":{"duration":4676000000,"status":"passed"},"line":5,"name":"User is on the login page","match":{"location":"steps.LoginSteps.userIsOnTheLoginPage()"},"keyword":"Given "},{"result":{"duration":1354000000,"status":"passed"},"line":6,"name":"User enters his credentials \"sehajpreet2.nicholi@orperfect.com\" \"hqqps2J$\"","match":{"arguments":[{"val":"\"sehajpreet2.nicholi@orperfect.com\"","offset":28},{"val":"\"hqqps2J$\"","offset":64}],"location":"steps.LoginSteps.userEntersHisCredentials(java.lang.String,java.lang.String)"},"keyword":"When "},{"result":{"duration":2130000000,"status":"passed"},"line":7,"name":"Homepage is opened","match":{"location":"steps.HomeSteps.homePageIsOpened()"},"keyword":"Then "}]},{"start_timestamp":"2022-05-27T23:36:37.283Z","line":16,"name":"","description":"","id":"add-a-product-to-the-cart;;;2","type":"scenario","keyword":"Scenario Outline","steps":[{"result":{"duration":20000000,"status":"passed"},"line":10,"name":"user at the Home","match":{"location":"steps.addProductByName.userAtTheHome()"},"keyword":"Given "},{"result":{"duration":10421000000,"status":"passed"},"line":11,"name":"select a product","match":{"location":"steps.addProductByName.selectAToCart()"},"keyword":"When "},{"result":{"duration":22184000000,"status":"passed"},"line":12,"name":"add \"Chaise\" to cart","match":{"arguments":[{"val":"\"Chaise\"","offset":4}],"location":"steps.addProductByName.addToCart(java.lang.String)"},"keyword":"And "},{"result":{"error_message":"org.openqa.selenium.NoSuchElementException: no such element: Unable to locate element: {\"method\":\"xpath\",\"selector\":\"//p[contains(text(),'Votre panier est vide')]\"}\n  (Session info: chrome=101.0.4951.67)\nFor documentation on this error, please visit: https://selenium.dev/exceptions/#no_such_element\nBuild info: version: '4.1.4', revision: '535d840ee2'\nSystem info: host: 'DESKTOP-8QDPD46', ip: '192.168.43.135', os.name: 'Windows 10', os.arch: 'amd64', os.version: '10.0', java.version: '1.8.0_301'\nDriver info: org.openqa.selenium.chrome.ChromeDriver\nCommand: [7b68b3c4808bceef1b38efaf58ff7627, findElement {using=xpath, value=//p[contains(text(),'Votre panier est vide')]}]\nCapabilities {acceptInsecureCerts: true, browserName: chrome, browserVersion: 101.0.4951.67, chrome: {chromedriverVersion: 101.0.4951.41 (93c720db8323..., userDataDir: C:\\Users\\Admin\\AppData\\Loca...}, goog:chromeOptions: {debuggerAddress: localhost:65396}, javascriptEnabled: true, networkConnectionEnabled: false, pageLoadStrategy: normal, platform: WINDOWS, platformName: WINDOWS, proxy: Proxy(), se:cdp: ws://localhost:65396/devtoo..., se:cdpVersion: 101.0.4951.67, setWindowRect: true, strictFileInteractability: false, timeouts: {implicit: 0, pageLoad: 300000, script: 30000}, unhandledPromptBehavior: dismiss and notify, webauthn:extension:credBlob: true, webauthn:extension:largeBlob: true, webauthn:virtualAuthenticators: true}\nSession ID: 7b68b3c4808bceef1b38efaf58ff7627\r\n\tat sun.reflect.GeneratedConstructorAccessor18.newInstance(Unknown Source)\r\n\tat sun.reflect.DelegatingConstructorAccessorImpl.newInstance(DelegatingConstructorAccessorImpl.java:45)\r\n\tat java.lang.reflect.Constructor.newInstance(Constructor.java:423)\r\n\tat org.openqa.selenium.remote.codec.w3c.W3CHttpResponseCodec.createException(W3CHttpResponseCodec.java:200)\r\n\tat org.openqa.selenium.remote.codec.w3c.W3CHttpResponseCodec.decode(W3CHttpResponseCodec.java:133)\r\n\tat org.openqa.selenium.remote.codec.w3c.W3CHttpResponseCodec.decode(W3CHttpResponseCodec.java:53)\r\n\tat org.openqa.selenium.remote.HttpCommandExecutor.execute(HttpCommandExecutor.java:184)\r\n\tat org.openqa.selenium.remote.service.DriverCommandExecutor.invokeExecute(DriverCommandExecutor.java:167)\r\n\tat org.openqa.selenium.remote.service.DriverCommandExecutor.execute(DriverCommandExecutor.java:142)\r\n\tat org.openqa.selenium.remote.RemoteWebDriver.execute(RemoteWebDriver.java:567)\r\n\tat org.openqa.selenium.remote.ElementLocation$ElementFinder$2.findElement(ElementLocation.java:162)\r\n\tat org.openqa.selenium.remote.ElementLocation.findElement(ElementLocation.java:60)\r\n\tat org.openqa.selenium.remote.RemoteWebDriver.findElement(RemoteWebDriver.java:385)\r\n\tat org.openqa.selenium.remote.RemoteWebDriver.findElement(RemoteWebDriver.java:377)\r\n\tat org.openqa.selenium.support.pagefactory.DefaultElementLocator.findElement(DefaultElementLocator.java:70)\r\n\tat org.openqa.selenium.support.pagefactory.internal.LocatingElementHandler.invoke(LocatingElementHandler.java:39)\r\n\tat com.sun.proxy.$Proxy23.isDisplayed(Unknown Source)\r\n\tat pageObjects.HomePage.isCartPageEmpty(HomePage.java:141)\r\n\tat steps.addProductByName.theCartIsUpdate(addProductByName.java:40)\r\n\tat ✽.then the \"Chaise\" is add to cart(file:///C:/Users/Admin/Documents/Selenium_test/selenium/selenium_test/src/test/resources/features/addProductByNameToCart.feature:13)\r\n","duration":41030000000,"status":"failed"},"line":13,"name":"then the \"Chaise\" is add to cart","match":{"arguments":[{"val":"\"Chaise\"","offset":9}],"location":"steps.addProductByName.theCartIsUpdate(java.lang.String)"},"keyword":"Then "}],"tags":[{"name":"@addProductByName"}]},{"line":4,"name":"","description":"","type":"background","keyword":"Background","steps":[{"result":{"duration":1017000000,"status":"passed"},"line":5,"name":"User is on the login page","match":{"location":"steps.LoginSteps.userIsOnTheLoginPage()"},"keyword":"Given "},{"result":{"duration":1681000000,"status":"passed"},"line":6,"name":"User enters his credentials \"sehajpreet2.nicholi@orperfect.com\" \"hqqps2J$\"","match":{"arguments":[{"val":"\"sehajpreet2.nicholi@orperfect.com\"","offset":28},{"val":"\"hqqps2J$\"","offset":64}],"location":"steps.LoginSteps.userEntersHisCredentials(java.lang.String,java.lang.String)"},"keyword":"When "},{"result":{"duration":1095000000,"status":"passed"},"line":7,"name":"Homepage is opened","match":{"location":"steps.HomeSteps.homePageIsOpened()"},"keyword":"Then "}]},{"start_timestamp":"2022-05-27T23:37:59.324Z","line":17,"name":"","description":"","id":"add-a-product-to-the-cart;;;3","type":"scenario","keyword":"Scenario Outline","steps":[{"result":{"duration":19000000,"status":"passed"},"line":10,"name":"user at the Home","match":{"location":"steps.addProductByName.userAtTheHome()"},"keyword":"Given "},{"result":{"duration":10346000000,"status":"passed"},"line":11,"name":"select a product","match":{"location":"steps.addProductByName.selectAToCart()"},"keyword":"When "},{"result":{"duration":20930000000,"status":"passed"},"line":12,"name":"add \"Ampoule\" to cart","match":{"arguments":[{"val":"\"Ampoule\"","offset":4}],"location":"steps.addProductByName.addToCart(java.lang.String)"},"keyword":"And "},{"result":{"error_message":"org.openqa.selenium.NoSuchElementException: no such element: Unable to locate element: {\"method\":\"xpath\",\"selector\":\"//p[contains(text(),'Votre panier est vide')]\"}\n  (Session info: chrome=101.0.4951.67)\nFor documentation on this error, please visit: https://selenium.dev/exceptions/#no_such_element\nBuild info: version: '4.1.4', revision: '535d840ee2'\nSystem info: host: 'DESKTOP-8QDPD46', ip: '192.168.43.135', os.name: 'Windows 10', os.arch: 'amd64', os.version: '10.0', java.version: '1.8.0_301'\nDriver info: org.openqa.selenium.chrome.ChromeDriver\nCommand: [7b68b3c4808bceef1b38efaf58ff7627, findElement {using=xpath, value=//p[contains(text(),'Votre panier est vide')]}]\nCapabilities {acceptInsecureCerts: true, browserName: chrome, browserVersion: 101.0.4951.67, chrome: {chromedriverVersion: 101.0.4951.41 (93c720db8323..., userDataDir: C:\\Users\\Admin\\AppData\\Loca...}, goog:chromeOptions: {debuggerAddress: localhost:65396}, javascriptEnabled: true, networkConnectionEnabled: false, pageLoadStrategy: normal, platform: WINDOWS, platformName: WINDOWS, proxy: Proxy(), se:cdp: ws://localhost:65396/devtoo..., se:cdpVersion: 101.0.4951.67, setWindowRect: true, strictFileInteractability: false, timeouts: {implicit: 0, pageLoad: 300000, script: 30000}, unhandledPromptBehavior: dismiss and notify, webauthn:extension:credBlob: true, webauthn:extension:largeBlob: true, webauthn:virtualAuthenticators: true}\nSession ID: 7b68b3c4808bceef1b38efaf58ff7627\r\n\tat sun.reflect.GeneratedConstructorAccessor18.newInstance(Unknown Source)\r\n\tat sun.reflect.DelegatingConstructorAccessorImpl.newInstance(DelegatingConstructorAccessorImpl.java:45)\r\n\tat java.lang.reflect.Constructor.newInstance(Constructor.java:423)\r\n\tat org.openqa.selenium.remote.codec.w3c.W3CHttpResponseCodec.createException(W3CHttpResponseCodec.java:200)\r\n\tat org.openqa.selenium.remote.codec.w3c.W3CHttpResponseCodec.decode(W3CHttpResponseCodec.java:133)\r\n\tat org.openqa.selenium.remote.codec.w3c.W3CHttpResponseCodec.decode(W3CHttpResponseCodec.java:53)\r\n\tat org.openqa.selenium.remote.HttpCommandExecutor.execute(HttpCommandExecutor.java:184)\r\n\tat org.openqa.selenium.remote.service.DriverCommandExecutor.invokeExecute(DriverCommandExecutor.java:167)\r\n\tat org.openqa.selenium.remote.service.DriverCommandExecutor.execute(DriverCommandExecutor.java:142)\r\n\tat org.openqa.selenium.remote.RemoteWebDriver.execute(RemoteWebDriver.java:567)\r\n\tat org.openqa.selenium.remote.ElementLocation$ElementFinder$2.findElement(ElementLocation.java:162)\r\n\tat org.openqa.selenium.remote.ElementLocation.findElement(ElementLocation.java:60)\r\n\tat org.openqa.selenium.remote.RemoteWebDriver.findElement(RemoteWebDriver.java:385)\r\n\tat org.openqa.selenium.remote.RemoteWebDriver.findElement(RemoteWebDriver.java:377)\r\n\tat org.openqa.selenium.support.pagefactory.DefaultElementLocator.findElement(DefaultElementLocator.java:70)\r\n\tat org.openqa.selenium.support.pagefactory.internal.LocatingElementHandler.invoke(LocatingElementHandler.java:39)\r\n\tat com.sun.proxy.$Proxy23.isDisplayed(Unknown Source)\r\n\tat pageObjects.HomePage.isCartPageEmpty(HomePage.java:141)\r\n\tat steps.addProductByName.theCartIsUpdate(addProductByName.java:40)\r\n\tat ✽.then the \"Ampoule\" is add to cart(file:///C:/Users/Admin/Documents/Selenium_test/selenium/selenium_test/src/test/resources/features/addProductByNameToCart.feature:13)\r\n","duration":41060000000,"status":"failed"},"line":13,"name":"then the \"Ampoule\" is add to cart","match":{"arguments":[{"val":"\"Ampoule\"","offset":9}],"location":"steps.addProductByName.theCartIsUpdate(java.lang.String)"},"keyword":"Then "}],"tags":[{"name":"@addProductByName"}]}],"name":"add a product to the cart","description":"","id":"add-a-product-to-the-cart","keyword":"Feature","uri":"file:src/test/resources/features/addProductByNameToCart.feature","tags":[{"name":"@addProductByName","type":"Tag","location":{"line":1,"column":1}}]}]